/tmp/ CREATE aul_io8l
/tmp/ MODIFY aul_io8l
/tmp/ DELETE aul_io8l
/tmp/ MODIFY #3
/tmp/ MODIFY #4
/tmp/ MODIFY #3
/tmp/ MODIFY #4
/tmp/ MODIFY #3
/tmp/ MODIFY #4
/tmp/ MODIFY #3
/tmp/ MODIFY #4
/tmp/ CREATE,ISDIR pytest-of-auditor
/tmp/pytest-of-auditor/ CREATE,ISDIR pytest-0
/tmp/pytest-of-auditor/ CREATE pytest-current
/tmp/pytest-of-auditor/pytest-0/ CREATE .lock
/tmp/pytest-of-auditor/pytest-0/ MODIFY .lock
/tmp/pytest-of-auditor/pytest-0/ CREATE,ISDIR test_server_accepts_user0
/tmp/pytest-of-auditor/pytest-0/ CREATE test_server_accepts_usercurrent
/tmp/ MODIFY #3
/tmp/ MODIFY #4
/tmp/pytest-of-auditor/pytest-0/test_server_accepts_user0/ CREATE,ISDIR data
/tmp/pytest-of-auditor/pytest-0/test_server_accepts_user0/data/ CREATE users.json
/tmp/pytest-of-auditor/pytest-0/test_server_accepts_user0/data/ MODIFY users.json
/tmp/pytest-of-auditor/pytest-0/test_server_accepts_user0/data/ CREATE sessions.json
/tmp/pytest-of-auditor/pytest-0/test_server_accepts_user0/data/ MODIFY sessions.json
/tmp/pytest-of-auditor/pytest-0/test_server_accepts_user0/data/ CREATE public_channel.json
/tmp/pytest-of-auditor/pytest-0/test_server_accepts_user0/data/ MODIFY public_channel.json
/tmp/pytest-of-auditor/pytest-0/test_server_accepts_user0/data/ CREATE messages.ndjson
/tmp/pytest-of-auditor/pytest-0/test_server_accepts_user0/data/ CREATE,ISDIR keys
/tmp/pytest-of-auditor/pytest-0/test_server_accepts_user0/data/keys/ CREATE bd7171dd-d97d-4817-89c6-ab64407c443f.pem
/tmp/pytest-of-auditor/pytest-0/test_server_accepts_user0/data/keys/ MODIFY bd7171dd-d97d-4817-89c6-ab64407c443f.pem
/tmp/pytest-of-auditor/pytest-0/test_server_accepts_user0/data/ MODIFY public_channel.json
/tmp/pytest-of-auditor/pytest-0/test_server_accepts_user0/data/ MODIFY public_channel.json
/tmp/pytest-of-auditor/pytest-0/test_server_accepts_user0/ CREATE,ISDIR client_keys
/tmp/pytest-of-auditor/pytest-0/test_server_accepts_user0/client_keys/ CREATE,ISDIR keys
/tmp/pytest-of-auditor/pytest-0/test_server_accepts_user0/client_keys/keys/ CREATE client_58fb0417-5c23-4f41-a8d3-112463b37b1d.pem
/tmp/pytest-of-auditor/pytest-0/test_server_accepts_user0/client_keys/keys/ MODIFY client_58fb0417-5c23-4f41-a8d3-112463b37b1d.pem
/tmp/pytest-of-auditor/pytest-0/test_server_accepts_user0/data/ MODIFY users.json
/tmp/pytest-of-auditor/pytest-0/test_server_accepts_user0/data/ MODIFY users.json
/tmp/pytest-of-auditor/pytest-0/test_server_accepts_user0/data/ MODIFY sessions.json
/tmp/pytest-of-auditor/pytest-0/test_server_accepts_user0/data/ MODIFY sessions.json
/tmp/pytest-of-auditor/pytest-0/test_server_accepts_user0/data/ MODIFY public_channel.json
/tmp/pytest-of-auditor/pytest-0/test_server_accepts_user0/data/ MODIFY public_channel.json
/tmp/pytest-of-auditor/pytest-0/test_server_accepts_user0/data/ MODIFY public_channel.json
/tmp/pytest-of-auditor/pytest-0/test_server_accepts_user0/data/ MODIFY public_channel.json
/tmp/pytest-of-auditor/pytest-0/test_server_accepts_user0/data/ MODIFY public_channel.json
/tmp/pytest-of-auditor/pytest-0/test_server_accepts_user0/data/ MODIFY public_channel.json
/tmp/pytest-of-auditor/pytest-0/test_server_accepts_user0/data/ MODIFY sessions.json
/tmp/pytest-of-auditor/pytest-0/test_server_accepts_user0/data/ MODIFY sessions.json
/tmp/ MODIFY #3
/tmp/ MODIFY #4
/tmp/ MODIFY #3
/tmp/ MODIFY #4
/tmp/pytest-of-auditor/pytest-0/ CREATE,ISDIR test_client_commands0
/tmp/pytest-of-auditor/pytest-0/ CREATE test_client_commandscurrent
/tmp/ MODIFY #3
/tmp/ MODIFY #4
/tmp/pytest-of-auditor/pytest-0/test_client_commands0/ CREATE,ISDIR server_data
/tmp/pytest-of-auditor/pytest-0/test_client_commands0/server_data/ CREATE users.json
/tmp/pytest-of-auditor/pytest-0/test_client_commands0/server_data/ MODIFY users.json
/tmp/pytest-of-auditor/pytest-0/test_client_commands0/server_data/ CREATE sessions.json
/tmp/pytest-of-auditor/pytest-0/test_client_commands0/server_data/ MODIFY sessions.json
/tmp/pytest-of-auditor/pytest-0/test_client_commands0/server_data/ CREATE public_channel.json
/tmp/pytest-of-auditor/pytest-0/test_client_commands0/server_data/ MODIFY public_channel.json
/tmp/pytest-of-auditor/pytest-0/test_client_commands0/server_data/ CREATE messages.ndjson
/tmp/pytest-of-auditor/pytest-0/test_client_commands0/server_data/ CREATE,ISDIR keys
/tmp/pytest-of-auditor/pytest-0/test_client_commands0/server_data/keys/ CREATE e2a20b04-e1af-4ea1-a103-1ad93d3fde06.pem
/tmp/pytest-of-auditor/pytest-0/test_client_commands0/server_data/keys/ MODIFY e2a20b04-e1af-4ea1-a103-1ad93d3fde06.pem
/tmp/pytest-of-auditor/pytest-0/test_client_commands0/server_data/ MODIFY public_channel.json
/tmp/pytest-of-auditor/pytest-0/test_client_commands0/server_data/ MODIFY public_channel.json
/tmp/pytest-of-auditor/pytest-0/test_client_commands0/ CREATE,ISDIR alice_data
/tmp/pytest-of-auditor/pytest-0/test_client_commands0/alice_data/ CREATE,ISDIR keys
/tmp/pytest-of-auditor/pytest-0/test_client_commands0/alice_data/keys/ CREATE alice.pem
/tmp/pytest-of-auditor/pytest-0/test_client_commands0/alice_data/keys/ MODIFY alice.pem
/tmp/pytest-of-auditor/pytest-0/test_client_commands0/ CREATE,ISDIR bob_data
/tmp/pytest-of-auditor/pytest-0/test_client_commands0/bob_data/ CREATE,ISDIR keys
/tmp/pytest-of-auditor/pytest-0/test_client_commands0/bob_data/keys/ CREATE bob.pem
/tmp/pytest-of-auditor/pytest-0/test_client_commands0/bob_data/keys/ MODIFY bob.pem
/tmp/pytest-of-auditor/pytest-0/test_client_commands0/server_data/ MODIFY users.json
/tmp/pytest-of-auditor/pytest-0/test_client_commands0/server_data/ MODIFY users.json
/tmp/pytest-of-auditor/pytest-0/test_client_commands0/server_data/ MODIFY sessions.json
/tmp/pytest-of-auditor/pytest-0/test_client_commands0/server_data/ MODIFY sessions.json
/tmp/pytest-of-auditor/pytest-0/test_client_commands0/server_data/ MODIFY public_channel.json
/tmp/pytest-of-auditor/pytest-0/test_client_commands0/server_data/ MODIFY public_channel.json
/tmp/pytest-of-auditor/pytest-0/test_client_commands0/server_data/ MODIFY public_channel.json
/tmp/pytest-of-auditor/pytest-0/test_client_commands0/server_data/ MODIFY public_channel.json
/tmp/pytest-of-auditor/pytest-0/test_client_commands0/server_data/ MODIFY users.json
/tmp/pytest-of-auditor/pytest-0/test_client_commands0/server_data/ MODIFY users.json
/tmp/pytest-of-auditor/pytest-0/test_client_commands0/server_data/ MODIFY sessions.json
/tmp/pytest-of-auditor/pytest-0/test_client_commands0/server_data/ MODIFY sessions.json
/tmp/pytest-of-auditor/pytest-0/test_client_commands0/server_data/ MODIFY public_channel.json
/tmp/pytest-of-auditor/pytest-0/test_client_commands0/server_data/ MODIFY public_channel.json
/tmp/pytest-of-auditor/pytest-0/test_client_commands0/server_data/ MODIFY public_channel.json
/tmp/pytest-of-auditor/pytest-0/test_client_commands0/server_data/ MODIFY public_channel.json
/tmp/pytest-of-auditor/pytest-0/test_client_commands0/server_data/ MODIFY messages.ndjson
/tmp/pytest-of-auditor/pytest-0/test_client_commands0/server_data/ MODIFY messages.ndjson
/tmp/pytest-of-auditor/pytest-0/test_client_commands0/server_data/ MODIFY messages.ndjson
/tmp/pytest-of-auditor/pytest-0/test_client_commands0/server_data/ MODIFY messages.ndjson
/tmp/pytest-of-auditor/pytest-0/test_client_commands0/server_data/ MODIFY messages.ndjson
/tmp/pytest-of-auditor/pytest-0/test_client_commands0/server_data/ MODIFY public_channel.json
/tmp/pytest-of-auditor/pytest-0/test_client_commands0/server_data/ MODIFY public_channel.json
/tmp/pytest-of-auditor/pytest-0/test_client_commands0/server_data/ MODIFY sessions.json
/tmp/pytest-of-auditor/pytest-0/test_client_commands0/server_data/ MODIFY sessions.json
/tmp/pytest-of-auditor/pytest-0/test_client_commands0/server_data/ MODIFY public_channel.json
/tmp/pytest-of-auditor/pytest-0/test_client_commands0/server_data/ MODIFY public_channel.json
/tmp/pytest-of-auditor/pytest-0/test_client_commands0/server_data/ MODIFY sessions.json
/tmp/pytest-of-auditor/pytest-0/test_client_commands0/server_data/ MODIFY sessions.json
/tmp/ MODIFY #3
/tmp/ MODIFY #4
/tmp/ MODIFY #3
/tmp/ MODIFY #4
/tmp/pytest-of-auditor/pytest-0/ CREATE,ISDIR test_cross_server_direct_messa0
/tmp/pytest-of-auditor/pytest-0/ CREATE test_cross_server_direct_messacurrent
/tmp/ MODIFY #3
/tmp/ MODIFY #4
/tmp/pytest-of-auditor/pytest-0/test_cross_server_direct_messa0/ CREATE,ISDIR intro
/tmp/pytest-of-auditor/pytest-0/test_cross_server_direct_messa0/intro/ CREATE users.json
/tmp/pytest-of-auditor/pytest-0/test_cross_server_direct_messa0/intro/ MODIFY users.json
/tmp/pytest-of-auditor/pytest-0/test_cross_server_direct_messa0/intro/ CREATE sessions.json
/tmp/pytest-of-auditor/pytest-0/test_cross_server_direct_messa0/intro/ MODIFY sessions.json
/tmp/pytest-of-auditor/pytest-0/test_cross_server_direct_messa0/intro/ CREATE public_channel.json
/tmp/pytest-of-auditor/pytest-0/test_cross_server_direct_messa0/intro/ MODIFY public_channel.json
/tmp/pytest-of-auditor/pytest-0/test_cross_server_direct_messa0/intro/ CREATE messages.ndjson
/tmp/pytest-of-auditor/pytest-0/test_cross_server_direct_messa0/intro/ CREATE,ISDIR keys
/tmp/pytest-of-auditor/pytest-0/test_cross_server_direct_messa0/intro/keys/ CREATE 1d5dba5c-79ee-43a6-963f-bccda4d9c844.pem
/tmp/pytest-of-auditor/pytest-0/test_cross_server_direct_messa0/intro/keys/ MODIFY 1d5dba5c-79ee-43a6-963f-bccda4d9c844.pem
/tmp/pytest-of-auditor/pytest-0/test_cross_server_direct_messa0/intro/ MODIFY public_channel.json
/tmp/pytest-of-auditor/pytest-0/test_cross_server_direct_messa0/intro/ MODIFY public_channel.json
/tmp/pytest-of-auditor/pytest-0/test_cross_server_direct_messa0/ CREATE,ISDIR peer
/tmp/pytest-of-auditor/pytest-0/test_cross_server_direct_messa0/peer/ CREATE users.json
/tmp/pytest-of-auditor/pytest-0/test_cross_server_direct_messa0/peer/ MODIFY users.json
/tmp/pytest-of-auditor/pytest-0/test_cross_server_direct_messa0/peer/ CREATE sessions.json
/tmp/pytest-of-auditor/pytest-0/test_cross_server_direct_messa0/peer/ MODIFY sessions.json
/tmp/pytest-of-auditor/pytest-0/test_cross_server_direct_messa0/peer/ CREATE public_channel.json
/tmp/pytest-of-auditor/pytest-0/test_cross_server_direct_messa0/peer/ MODIFY public_channel.json
/tmp/pytest-of-auditor/pytest-0/test_cross_server_direct_messa0/peer/ CREATE messages.ndjson
/tmp/pytest-of-auditor/pytest-0/test_cross_server_direct_messa0/peer/ CREATE,ISDIR keys
/tmp/pytest-of-auditor/pytest-0/test_cross_server_direct_messa0/peer/keys/ CREATE 45c8859a-c6df-43dc-8855-5d7fed00dfe9.pem
/tmp/pytest-of-auditor/pytest-0/test_cross_server_direct_messa0/peer/keys/ MODIFY 45c8859a-c6df-43dc-8855-5d7fed00dfe9.pem
/tmp/pytest-of-auditor/pytest-0/test_cross_server_direct_messa0/peer/ MODIFY public_channel.json
/tmp/pytest-of-auditor/pytest-0/test_cross_server_direct_messa0/peer/ MODIFY public_channel.json
/tmp/pytest-of-auditor/pytest-0/test_cross_server_direct_messa0/intro/ MODIFY messages.ndjson
/tmp/pytest-of-auditor/pytest-0/test_cross_server_direct_messa0/intro/ MODIFY public_channel.json
/tmp/pytest-of-auditor/pytest-0/test_cross_server_direct_messa0/intro/ MODIFY public_channel.json
/tmp/pytest-of-auditor/pytest-0/test_cross_server_direct_messa0/peer/ MODIFY messages.ndjson
/tmp/pytest-of-auditor/pytest-0/test_cross_server_direct_messa0/peer/ MODIFY public_channel.json
/tmp/pytest-of-auditor/pytest-0/test_cross_server_direct_messa0/peer/ MODIFY public_channel.json
/tmp/pytest-of-auditor/pytest-0/test_cross_server_direct_messa0/ CREATE,ISDIR alice_cross
/tmp/pytest-of-auditor/pytest-0/test_cross_server_direct_messa0/alice_cross/ CREATE,ISDIR keys
/tmp/pytest-of-auditor/pytest-0/test_cross_server_direct_messa0/alice_cross/keys/ CREATE alice.pem
/tmp/pytest-of-auditor/pytest-0/test_cross_server_direct_messa0/alice_cross/keys/ MODIFY alice.pem
/tmp/pytest-of-auditor/pytest-0/test_cross_server_direct_messa0/ CREATE,ISDIR bob_cross
/tmp/pytest-of-auditor/pytest-0/test_cross_server_direct_messa0/bob_cross/ CREATE,ISDIR keys
/tmp/pytest-of-auditor/pytest-0/test_cross_server_direct_messa0/bob_cross/keys/ CREATE bob.pem
/tmp/pytest-of-auditor/pytest-0/test_cross_server_direct_messa0/bob_cross/keys/ MODIFY bob.pem
/tmp/pytest-of-auditor/pytest-0/test_cross_server_direct_messa0/intro/ MODIFY users.json
/tmp/pytest-of-auditor/pytest-0/test_cross_server_direct_messa0/intro/ MODIFY users.json
/tmp/pytest-of-auditor/pytest-0/test_cross_server_direct_messa0/intro/ MODIFY sessions.json
/tmp/pytest-of-auditor/pytest-0/test_cross_server_direct_messa0/intro/ MODIFY sessions.json
/tmp/pytest-of-auditor/pytest-0/test_cross_server_direct_messa0/intro/ MODIFY messages.ndjson
/tmp/pytest-of-auditor/pytest-0/test_cross_server_direct_messa0/intro/ MODIFY public_channel.json
/tmp/pytest-of-auditor/pytest-0/test_cross_server_direct_messa0/intro/ MODIFY public_channel.json
/tmp/pytest-of-auditor/pytest-0/test_cross_server_direct_messa0/intro/ MODIFY messages.ndjson
/tmp/pytest-of-auditor/pytest-0/test_cross_server_direct_messa0/intro/ MODIFY messages.ndjson
/tmp/pytest-of-auditor/pytest-0/test_cross_server_direct_messa0/intro/ MODIFY messages.ndjson
/tmp/pytest-of-auditor/pytest-0/test_cross_server_direct_messa0/intro/ MODIFY public_channel.json
/tmp/pytest-of-auditor/pytest-0/test_cross_server_direct_messa0/intro/ MODIFY public_channel.json
/tmp/pytest-of-auditor/pytest-0/test_cross_server_direct_messa0/peer/ MODIFY users.json
/tmp/pytest-of-auditor/pytest-0/test_cross_server_direct_messa0/peer/ MODIFY users.json
/tmp/pytest-of-auditor/pytest-0/test_cross_server_direct_messa0/peer/ MODIFY sessions.json
/tmp/pytest-of-auditor/pytest-0/test_cross_server_direct_messa0/peer/ MODIFY sessions.json
/tmp/pytest-of-auditor/pytest-0/test_cross_server_direct_messa0/peer/ MODIFY messages.ndjson
/tmp/pytest-of-auditor/pytest-0/test_cross_server_direct_messa0/peer/ MODIFY public_channel.json
/tmp/pytest-of-auditor/pytest-0/test_cross_server_direct_messa0/peer/ MODIFY public_channel.json
/tmp/pytest-of-auditor/pytest-0/test_cross_server_direct_messa0/peer/ MODIFY messages.ndjson
/tmp/pytest-of-auditor/pytest-0/test_cross_server_direct_messa0/peer/ MODIFY messages.ndjson
/tmp/pytest-of-auditor/pytest-0/test_cross_server_direct_messa0/peer/ MODIFY messages.ndjson
/tmp/pytest-of-auditor/pytest-0/test_cross_server_direct_messa0/peer/ MODIFY public_channel.json
/tmp/pytest-of-auditor/pytest-0/test_cross_server_direct_messa0/peer/ MODIFY public_channel.json
/tmp/pytest-of-auditor/pytest-0/test_cross_server_direct_messa0/peer/ MODIFY messages.ndjson
/tmp/pytest-of-auditor/pytest-0/test_cross_server_direct_messa0/peer/ MODIFY users.json
/tmp/pytest-of-auditor/pytest-0/test_cross_server_direct_messa0/peer/ MODIFY users.json
/tmp/pytest-of-auditor/pytest-0/test_cross_server_direct_messa0/peer/ MODIFY messages.ndjson
/tmp/pytest-of-auditor/pytest-0/test_cross_server_direct_messa0/peer/ MODIFY messages.ndjson
/tmp/pytest-of-auditor/pytest-0/test_cross_server_direct_messa0/peer/ MODIFY public_channel.json
/tmp/pytest-of-auditor/pytest-0/test_cross_server_direct_messa0/peer/ MODIFY public_channel.json
/tmp/pytest-of-auditor/pytest-0/test_cross_server_direct_messa0/peer/ MODIFY messages.ndjson
/tmp/pytest-of-auditor/pytest-0/test_cross_server_direct_messa0/peer/ MODIFY public_channel.json
/tmp/pytest-of-auditor/pytest-0/test_cross_server_direct_messa0/peer/ MODIFY public_channel.json
/tmp/pytest-of-auditor/pytest-0/test_cross_server_direct_messa0/peer/ MODIFY messages.ndjson
/tmp/pytest-of-auditor/pytest-0/test_cross_server_direct_messa0/peer/ MODIFY public_channel.json
/tmp/pytest-of-auditor/pytest-0/test_cross_server_direct_messa0/peer/ MODIFY public_channel.json
/tmp/pytest-of-auditor/pytest-0/test_cross_server_direct_messa0/intro/ MODIFY messages.ndjson
/tmp/pytest-of-auditor/pytest-0/test_cross_server_direct_messa0/intro/ MODIFY users.json
/tmp/pytest-of-auditor/pytest-0/test_cross_server_direct_messa0/intro/ MODIFY users.json
/tmp/pytest-of-auditor/pytest-0/test_cross_server_direct_messa0/intro/ MODIFY messages.ndjson
/tmp/pytest-of-auditor/pytest-0/test_cross_server_direct_messa0/intro/ MODIFY messages.ndjson
/tmp/pytest-of-auditor/pytest-0/test_cross_server_direct_messa0/intro/ MODIFY public_channel.json
/tmp/pytest-of-auditor/pytest-0/test_cross_server_direct_messa0/intro/ MODIFY public_channel.json
/tmp/pytest-of-auditor/pytest-0/test_cross_server_direct_messa0/intro/ MODIFY messages.ndjson
/tmp/pytest-of-auditor/pytest-0/test_cross_server_direct_messa0/intro/ MODIFY public_channel.json
/tmp/pytest-of-auditor/pytest-0/test_cross_server_direct_messa0/intro/ MODIFY public_channel.json
/tmp/pytest-of-auditor/pytest-0/test_cross_server_direct_messa0/intro/ MODIFY messages.ndjson
/tmp/pytest-of-auditor/pytest-0/test_cross_server_direct_messa0/intro/ MODIFY public_channel.json
/tmp/pytest-of-auditor/pytest-0/test_cross_server_direct_messa0/intro/ MODIFY public_channel.json
/tmp/pytest-of-auditor/pytest-0/test_cross_server_direct_messa0/intro/ MODIFY messages.ndjson
/tmp/pytest-of-auditor/pytest-0/test_cross_server_direct_messa0/intro/ MODIFY public_channel.json
/tmp/pytest-of-auditor/pytest-0/test_cross_server_direct_messa0/intro/ MODIFY public_channel.json
/tmp/pytest-of-auditor/pytest-0/test_cross_server_direct_messa0/peer/ MODIFY messages.ndjson
/tmp/pytest-of-auditor/pytest-0/test_cross_server_direct_messa0/peer/ MODIFY public_channel.json
/tmp/pytest-of-auditor/pytest-0/test_cross_server_direct_messa0/peer/ MODIFY public_channel.json
/tmp/pytest-of-auditor/pytest-0/test_cross_server_direct_messa0/peer/ MODIFY messages.ndjson
/tmp/pytest-of-auditor/pytest-0/test_cross_server_direct_messa0/intro/ MODIFY messages.ndjson
/tmp/pytest-of-auditor/pytest-0/test_cross_server_direct_messa0/peer/ MODIFY messages.ndjson
/tmp/pytest-of-auditor/pytest-0/test_cross_server_direct_messa0/peer/ MODIFY messages.ndjson
/tmp/pytest-of-auditor/pytest-0/test_cross_server_direct_messa0/intro/ MODIFY messages.ndjson
/tmp/pytest-of-auditor/pytest-0/test_cross_server_direct_messa0/intro/ MODIFY messages.ndjson
/tmp/pytest-of-auditor/pytest-0/test_cross_server_direct_messa0/peer/ MODIFY messages.ndjson
/tmp/pytest-of-auditor/pytest-0/test_cross_server_direct_messa0/peer/ MODIFY public_channel.json
/tmp/pytest-of-auditor/pytest-0/test_cross_server_direct_messa0/peer/ MODIFY public_channel.json
/tmp/pytest-of-auditor/pytest-0/test_cross_server_direct_messa0/peer/ MODIFY messages.ndjson
/tmp/pytest-of-auditor/pytest-0/test_cross_server_direct_messa0/peer/ MODIFY sessions.json
/tmp/pytest-of-auditor/pytest-0/test_cross_server_direct_messa0/peer/ MODIFY sessions.json
/tmp/pytest-of-auditor/pytest-0/test_cross_server_direct_messa0/intro/ MODIFY messages.ndjson
/tmp/pytest-of-auditor/pytest-0/test_cross_server_direct_messa0/intro/ MODIFY messages.ndjson
/tmp/pytest-of-auditor/pytest-0/test_cross_server_direct_messa0/intro/ MODIFY public_channel.json
/tmp/pytest-of-auditor/pytest-0/test_cross_server_direct_messa0/intro/ MODIFY public_channel.json
/tmp/pytest-of-auditor/pytest-0/test_cross_server_direct_messa0/intro/ MODIFY messages.ndjson
/tmp/pytest-of-auditor/pytest-0/test_cross_server_direct_messa0/intro/ MODIFY sessions.json
/tmp/pytest-of-auditor/pytest-0/test_cross_server_direct_messa0/intro/ MODIFY sessions.json
/tmp/pytest-of-auditor/pytest-0/test_cross_server_direct_messa0/intro/ MODIFY messages.ndjson
/tmp/pytest-of-auditor/pytest-0/test_cross_server_direct_messa0/intro/ MODIFY public_channel.json
/tmp/pytest-of-auditor/pytest-0/test_cross_server_direct_messa0/intro/ MODIFY public_channel.json
/tmp/pytest-of-auditor/pytest-0/test_cross_server_direct_messa0/peer/ MODIFY messages.ndjson
/tmp/pytest-of-auditor/pytest-0/test_cross_server_direct_messa0/peer/ MODIFY messages.ndjson
/tmp/pytest-of-auditor/pytest-0/test_cross_server_direct_messa0/peer/ MODIFY public_channel.json
/tmp/pytest-of-auditor/pytest-0/test_cross_server_direct_messa0/peer/ MODIFY public_channel.json
/tmp/ MODIFY #3
/tmp/ MODIFY #4
/tmp/ MODIFY #3
/tmp/ MODIFY #4
/tmp/pytest-of-auditor/pytest-0/ CREATE,ISDIR test_envelope_sign_verify0
/tmp/pytest-of-auditor/pytest-0/ CREATE test_envelope_sign_verifycurrent
/tmp/ MODIFY #3
/tmp/ MODIFY #4
/tmp/ MODIFY #3
/tmp/ MODIFY #4
/tmp/ MODIFY #3
/tmp/ MODIFY #4
/tmp/ MODIFY #3
/tmp/ MODIFY #4
/tmp/ MODIFY #3
/tmp/ MODIFY #4
/tmp/ MODIFY #3
/tmp/ MODIFY #4
/tmp/pytest-of-auditor/pytest-0/ CREATE,ISDIR test_binding_signature0
/tmp/pytest-of-auditor/pytest-0/ CREATE test_binding_signaturecurrent
/tmp/ MODIFY #3
/tmp/ MODIFY #4
/tmp/ MODIFY #3
/tmp/ MODIFY #4
/tmp/ MODIFY #3
/tmp/ MODIFY #4
/tmp/pytest-of-auditor/pytest-0/ CREATE,ISDIR test_client_resolve_user_ident0
/tmp/pytest-of-auditor/pytest-0/ CREATE test_client_resolve_user_identcurrent
/tmp/ MODIFY #3
/tmp/ MODIFY #4
/tmp/pytest-of-auditor/pytest-0/test_client_resolve_user_ident0/ CREATE,ISDIR client
/tmp/pytest-of-auditor/pytest-0/test_client_resolve_user_ident0/client/ CREATE user_id.txt
/tmp/pytest-of-auditor/pytest-0/test_client_resolve_user_ident0/client/ MODIFY user_id.txt
/tmp/pytest-of-auditor/pytest-0/test_client_resolve_user_ident0/client/ CREATE server_id.txt
/tmp/pytest-of-auditor/pytest-0/test_client_resolve_user_ident0/client/ MODIFY server_id.txt
/tmp/pytest-of-auditor/pytest-0/test_client_resolve_user_ident0/client/ CREATE,ISDIR keys
/tmp/pytest-of-auditor/pytest-0/test_client_resolve_user_ident0/client/keys/ CREATE client_alice.pem
/tmp/pytest-of-auditor/pytest-0/test_client_resolve_user_ident0/client/keys/ MODIFY client_alice.pem
/tmp/ MODIFY #3
/tmp/ MODIFY #4
/tmp/ MODIFY #3
/tmp/ MODIFY #4
/tmp/ MODIFY #3
/tmp/ MODIFY #4
/tmp/pytest-of-auditor/pytest-0/ DELETE .lock
